[2021-03-22T19:43:36.634152-03:00] name.INFO: Requisição processada com sucesso [] []
[2021-03-22T19:43:36.638345-03:00] name.INFO: Requisição processada com sucesso [] []
[2021-03-22T19:45:59.126059-03:00] name.WARNING: Bad Request: Failed to decode token [] []
[2021-03-22T19:45:59.130145-03:00] name.WARNING: Bad Request: Failed to decode token [] []
[2021-03-22T20:04:52.148375-03:00] name.INFO: Requisição processada com sucesso [] []
[2021-03-22T20:05:15.752172-03:00] name.INFO: Requisição processada com sucesso [] []
[2021-03-22T20:07:59.009176-03:00] name.INFO: Requisição processada com sucesso [] []
[2021-03-22T20:07:59.741736-03:00] name.INFO: Requisição processada com sucesso [] []
[2021-03-22T20:07:59.744247-03:00] name.INFO: Requisição processada com sucesso [] []
[2021-03-22T20:08:47.143838-03:00] name.INFO: Requisição processada com sucesso [] []
[2021-03-22T20:08:47.501992-03:00] name.INFO: Requisição processada com sucesso [] []
[2021-03-22T20:08:47.502351-03:00] name.INFO: Requisição processada com sucesso [] []
[2021-03-22T20:15:18.533984-03:00] name.INFO: Requisição processada com sucesso [] []
[2021-03-22T20:15:43.475621-03:00] name.INFO: Requisição processada com sucesso [] []
[2021-03-22T20:16:02.598933-03:00] name.WARNING: failed to log activity ["22001",1406,"Data too long for column 'device' at row 1"] []
[2021-03-22T20:16:02.599501-03:00] name.INFO: inserted values {":userId":"40",":accountId":null,":path":"/api/user/login",":device":"Mozilla/5.0 (X11; Linux x86_64) AppleWebKit/537.36 (KHTML, like Gecko) Chrome/89.0.4389.90 Safari/537.36",":message":"Login Realizado"} []
[2021-03-22T20:16:02.599612-03:00] name.INFO: Requisição processada com sucesso [] []
[2021-03-22T20:17:07.430041-03:00] name.WARNING: failed to log activity ["22001",1406,"Data too long for column 'device' at row 1"] []
[2021-03-22T20:17:07.430696-03:00] name.INFO: inserted values {":userId":"40",":accountId":null,":path":"/api/user/login",":device":"Mozilla/5.0 (X11; Linux x86_64) AppleWebKit/537.36 (KHTML, like Gecko) Chrome/89.0.4389.90 Safari/537.36",":message":"Login Realizado"} []
[2021-03-22T20:17:07.430831-03:00] name.INFO: Requisição processada com sucesso [] []
[2021-03-22T20:17:08.275513-03:00] name.INFO: Requisição processada com sucesso [] []
[2021-03-22T20:17:08.277179-03:00] name.INFO: Requisição processada com sucesso [] []
[2021-03-22T20:18:12.325278-03:00] name.INFO: Requisição processada com sucesso [] []
[2021-03-22T20:18:12.710679-03:00] name.INFO: Requisição processada com sucesso [] []
[2021-03-22T20:18:12.713891-03:00] name.INFO: Requisição processada com sucesso [] []
[2021-03-22T20:26:21.823129-03:00] name.INFO: Requisição processada com sucesso {"endpoint":"/api/account/accountinfo"} []
[2021-03-22T20:26:21.846341-03:00] name.INFO: Requisição processada com sucesso {"endpoint":"/api/transaction/transactionlist"} []
[2021-03-22T20:27:09.755107-03:00] name.WARNING: Bad Request: Failed to decode token [{"file":"/var/www/wjcrypto/app/bootstrap.php","line":25,"function":"validateRequest","class":"WjCrypto\\Library\\AuthManager","type":"::","args":[{"Laminas\\Diactoros\\ServerRequest":[]}]},{"file":"/var/www/wjcrypto/public/api/index.php","line":3,"args":["/var/www/wjcrypto/app/bootstrap.php"],"function":"require_once"}] []
[2021-03-22T20:27:09.762075-03:00] name.WARNING: Bad Request: Failed to decode token [{"file":"/var/www/wjcrypto/app/bootstrap.php","line":25,"function":"validateRequest","class":"WjCrypto\\Library\\AuthManager","type":"::","args":[{"Laminas\\Diactoros\\ServerRequest":[]}]},{"file":"/var/www/wjcrypto/public/api/index.php","line":3,"args":["/var/www/wjcrypto/app/bootstrap.php"],"function":"require_once"}] []
[2021-03-23T09:18:01.727037-03:00] name.INFO: Requisição processada com sucesso {"endpoint":"/api/user/login"} []
[2021-03-23T09:18:06.393432-03:00] name.INFO: Requisição processada com sucesso {"endpoint":"/api/transaction/Deposito"} []
[2021-03-23T09:18:30.986633-03:00] name.INFO: Requisição processada com sucesso {"endpoint":"/api/transaction/Deposito"} []
[2021-03-23T09:23:46.372170-03:00] name.INFO: Requisição processada com sucesso {"endpoint":"/api/transaction/Deposito"} []
[2021-03-23T09:23:54.504718-03:00] name.INFO: Requisição processada com sucesso {"endpoint":"/api/account/accountinfo"} []
[2021-03-23T10:26:37.954545-03:00] name.INFO: Requisição processada com sucesso {"endpoint":"/api/user/login"} []
[2021-03-23T10:26:38.342534-03:00] name.INFO: Requisição processada com sucesso {"endpoint":"/api/account/accountinfo"} []
[2021-03-23T10:26:38.345273-03:00] name.INFO: Requisição processada com sucesso {"endpoint":"/api/transaction/transactionlist"} []
[2021-03-23T10:26:48.018202-03:00] name.WARNING: Bad Request: Missing authentication key [{"file":"/var/www/wjcrypto/app/bootstrap.php","line":25,"function":"validateRequest","class":"WjCrypto\\Library\\AuthManager","type":"::","args":[{"Laminas\\Diactoros\\ServerRequest":[]}]},{"file":"/var/www/wjcrypto/public/api/index.php","line":3,"args":["/var/www/wjcrypto/app/bootstrap.php"],"function":"require_once"}] []
[2021-03-23T10:26:50.910941-03:00] name.WARNING: Bad Request: Missing authentication key [{"file":"/var/www/wjcrypto/app/bootstrap.php","line":25,"function":"validateRequest","class":"WjCrypto\\Library\\AuthManager","type":"::","args":[{"Laminas\\Diactoros\\ServerRequest":[]}]},{"file":"/var/www/wjcrypto/public/api/index.php","line":3,"args":["/var/www/wjcrypto/app/bootstrap.php"],"function":"require_once"}] []
[2021-03-23T10:26:51.480195-03:00] name.WARNING: Bad Request: Missing authentication key [{"file":"/var/www/wjcrypto/app/bootstrap.php","line":25,"function":"validateRequest","class":"WjCrypto\\Library\\AuthManager","type":"::","args":[{"Laminas\\Diactoros\\ServerRequest":[]}]},{"file":"/var/www/wjcrypto/public/api/index.php","line":3,"args":["/var/www/wjcrypto/app/bootstrap.php"],"function":"require_once"}] []
[2021-03-23T10:26:51.700360-03:00] name.WARNING: Bad Request: Missing authentication key [{"file":"/var/www/wjcrypto/app/bootstrap.php","line":25,"function":"validateRequest","class":"WjCrypto\\Library\\AuthManager","type":"::","args":[{"Laminas\\Diactoros\\ServerRequest":[]}]},{"file":"/var/www/wjcrypto/public/api/index.php","line":3,"args":["/var/www/wjcrypto/app/bootstrap.php"],"function":"require_once"}] []
[2021-03-23T10:26:51.909838-03:00] name.WARNING: Bad Request: Missing authentication key [{"file":"/var/www/wjcrypto/app/bootstrap.php","line":25,"function":"validateRequest","class":"WjCrypto\\Library\\AuthManager","type":"::","args":[{"Laminas\\Diactoros\\ServerRequest":[]}]},{"file":"/var/www/wjcrypto/public/api/index.php","line":3,"args":["/var/www/wjcrypto/app/bootstrap.php"],"function":"require_once"}] []
[2021-03-23T10:26:52.094896-03:00] name.WARNING: Bad Request: Missing authentication key [{"file":"/var/www/wjcrypto/app/bootstrap.php","line":25,"function":"validateRequest","class":"WjCrypto\\Library\\AuthManager","type":"::","args":[{"Laminas\\Diactoros\\ServerRequest":[]}]},{"file":"/var/www/wjcrypto/public/api/index.php","line":3,"args":["/var/www/wjcrypto/app/bootstrap.php"],"function":"require_once"}] []
[2021-03-23T10:26:52.318294-03:00] name.WARNING: Bad Request: Missing authentication key [{"file":"/var/www/wjcrypto/app/bootstrap.php","line":25,"function":"validateRequest","class":"WjCrypto\\Library\\AuthManager","type":"::","args":[{"Laminas\\Diactoros\\ServerRequest":[]}]},{"file":"/var/www/wjcrypto/public/api/index.php","line":3,"args":["/var/www/wjcrypto/app/bootstrap.php"],"function":"require_once"}] []
[2021-03-23T10:26:52.508328-03:00] name.WARNING: Bad Request: Missing authentication key [{"file":"/var/www/wjcrypto/app/bootstrap.php","line":25,"function":"validateRequest","class":"WjCrypto\\Library\\AuthManager","type":"::","args":[{"Laminas\\Diactoros\\ServerRequest":[]}]},{"file":"/var/www/wjcrypto/public/api/index.php","line":3,"args":["/var/www/wjcrypto/app/bootstrap.php"],"function":"require_once"}] []
[2021-03-23T10:28:57.520975-03:00] name.INFO: Requisição processada com sucesso {"endpoint":"/api/account/accountinfo"} []
[2021-03-23T10:28:57.531973-03:00] name.INFO: Requisição processada com sucesso {"endpoint":"/api/transaction/transactionlist"} []
[2021-03-23T10:29:05.083815-03:00] name.INFO: Requisição processada com sucesso {"endpoint":"/api/transaction/Deposito"} []
[2021-03-23T10:29:08.952423-03:00] name.INFO: Requisição processada com sucesso {"endpoint":"/api/transaction/Deposito"} []
[2021-03-23T10:29:55.913060-03:00] name.INFO: Requisição processada com sucesso {"endpoint":"/api/account/accountinfo"} []
[2021-03-23T10:29:55.913846-03:00] name.INFO: Requisição processada com sucesso {"endpoint":"/api/transaction/transactionlist"} []
[2021-03-23T10:30:36.907893-03:00] name.INFO: Requisição processada com sucesso {"endpoint":"/api/user/login"} []
[2021-03-23T10:30:37.517873-03:00] name.INFO: Requisição processada com sucesso {"endpoint":"/api/account/accountinfo"} []
[2021-03-23T10:30:37.523146-03:00] name.INFO: Requisição processada com sucesso {"endpoint":"/api/transaction/transactionlist"} []
[2021-03-23T10:30:48.201433-03:00] name.INFO: Requisição processada com sucesso {"endpoint":"/api/transaction/Deposito"} []
[2021-03-23T10:30:48.748162-03:00] name.INFO: Requisição processada com sucesso {"endpoint":"/api/account/accountinfo"} []
[2021-03-23T10:30:48.750876-03:00] name.INFO: Requisição processada com sucesso {"endpoint":"/api/transaction/transactionlist"} []
[2021-03-23T10:31:02.979935-03:00] name.INFO: Requisição processada com sucesso {"endpoint":"/api/account/accountinfo"} []
[2021-03-23T10:31:02.985211-03:00] name.INFO: Requisição processada com sucesso {"endpoint":"/api/transaction/transactionlist"} []
[2021-03-23T10:34:34.380710-03:00] name.INFO: Requisição processada com sucesso {"endpoint":"/api/transaction/Deposito"} []
[2021-03-23T10:34:35.294370-03:00] name.INFO: Requisição processada com sucesso {"endpoint":"/api/transaction/transactionlist"} []
[2021-03-23T10:34:35.294518-03:00] name.INFO: Requisição processada com sucesso {"endpoint":"/api/account/accountinfo"} []
[2021-03-23T10:34:58.561622-03:00] name.INFO: Requisição processada com sucesso {"endpoint":"/api/transaction/Saque"} []
[2021-03-23T10:34:59.081230-03:00] name.INFO: Requisição processada com sucesso {"endpoint":"/api/transaction/transactionlist"} []
[2021-03-23T10:34:59.088391-03:00] name.INFO: Requisição processada com sucesso {"endpoint":"/api/account/accountinfo"} []
[2021-03-23T10:49:14.657515-03:00] name.INFO: Requisição processada com sucesso {"endpoint":"/api/user/signup"} []
[2021-03-23T10:51:10.364964-03:00] name.WARNING: Unauthorized: Senha incorreta [{"file":"/var/www/wjcrypto/app/bootstrap.php","line":25,"function":"validateRequest","class":"WjCrypto\\Library\\AuthManager","type":"::","args":[{"Laminas\\Diactoros\\ServerRequest":[]}]},{"file":"/var/www/wjcrypto/public/api/index.php","line":3,"args":["/var/www/wjcrypto/app/bootstrap.php"],"function":"require_once"}] []
[2021-03-23T10:51:20.790578-03:00] name.WARNING: Unauthorized: Unknown username [{"file":"/var/www/wjcrypto/app/bootstrap.php","line":25,"function":"validateRequest","class":"WjCrypto\\Library\\AuthManager","type":"::","args":[{"Laminas\\Diactoros\\ServerRequest":[]}]},{"file":"/var/www/wjcrypto/public/api/index.php","line":3,"args":["/var/www/wjcrypto/app/bootstrap.php"],"function":"require_once"}] []
[2021-03-23T10:51:29.713800-03:00] name.WARNING: Unauthorized: Senha incorreta [{"file":"/var/www/wjcrypto/app/bootstrap.php","line":25,"function":"validateRequest","class":"WjCrypto\\Library\\AuthManager","type":"::","args":[{"Laminas\\Diactoros\\ServerRequest":[]}]},{"file":"/var/www/wjcrypto/public/api/index.php","line":3,"args":["/var/www/wjcrypto/app/bootstrap.php"],"function":"require_once"}] []
[2021-03-23T10:54:25.678161-03:00] name.INFO: Requisição processada com sucesso {"endpoint":"/api/user/login"} []
[2021-03-23T10:54:25.989076-03:00] name.INFO: Requisição processada com sucesso {"endpoint":"/api/account/accountinfo"} []
[2021-03-23T10:54:25.994811-03:00] name.INFO: Requisição processada com sucesso {"endpoint":"/api/transaction/transactionlist"} []
[2021-03-23T10:54:45.322060-03:00] name.WARNING: Bad Request: Missing authentication key [{"file":"/var/www/wjcrypto/app/bootstrap.php","line":25,"function":"validateRequest","class":"WjCrypto\\Library\\AuthManager","type":"::","args":[{"Laminas\\Diactoros\\ServerRequest":[]}]},{"file":"/var/www/wjcrypto/public/api/index.php","line":3,"args":["/var/www/wjcrypto/app/bootstrap.php"],"function":"require_once"}] []
[2021-03-23T10:58:09.878232-03:00] name.INFO: Requisição processada com sucesso {"endpoint":"/api/user/info"} []
[2021-03-23T11:10:56.464289-03:00] name.WARNING: Bad Request: Missing authentication key [{"file":"/var/www/wjcrypto/app/bootstrap.php","line":25,"function":"validateRequest","class":"WjCrypto\\Library\\AuthManager","type":"::","args":[{"Laminas\\Diactoros\\ServerRequest":[]}]},{"file":"/var/www/wjcrypto/public/api/index.php","line":3,"args":["/var/www/wjcrypto/app/bootstrap.php"],"function":"require_once"}] []
[2021-03-23T11:12:44.493771-03:00] name.INFO: Requisição processada com sucesso {"endpoint":"/api/user/info"} []
[2021-03-23T11:12:51.086453-03:00] name.INFO: Requisição processada com sucesso {"endpoint":"/api/account/updateaddress"} []
[2021-03-23T11:12:54.465425-03:00] name.INFO: Requisição processada com sucesso {"endpoint":"/api/account/accountinfo"} []
[2021-03-23T11:12:54.466555-03:00] name.INFO: Requisição processada com sucesso {"endpoint":"/api/transaction/transactionlist"} []
[2021-03-23T11:13:27.315260-03:00] name.INFO: Requisição processada com sucesso {"endpoint":"/api/transaction/Deposito"} []
[2021-03-23T11:13:27.869028-03:00] name.INFO: Requisição processada com sucesso {"endpoint":"/api/account/accountinfo"} []
[2021-03-23T11:13:27.869561-03:00] name.INFO: Requisição processada com sucesso {"endpoint":"/api/transaction/transactionlist"} []
[2021-03-23T11:13:47.181926-03:00] name.INFO: Requisição processada com sucesso {"endpoint":"/api/transaction/Saque"} []
[2021-03-23T11:13:47.785895-03:00] name.INFO: Requisição processada com sucesso {"endpoint":"/api/account/accountinfo"} []
[2021-03-23T11:13:47.788405-03:00] name.INFO: Requisição processada com sucesso {"endpoint":"/api/transaction/transactionlist"} []
[2021-03-23T11:14:22.970650-03:00] name.INFO: Requisição processada com sucesso {"endpoint":"/api/transaction/Transferencia"} []
[2021-03-23T11:20:03.636219-03:00] name.INFO: Requisição processada com sucesso {"endpoint":"/api/transaction/transactionlist"} []
[2021-03-23T11:20:03.636367-03:00] name.INFO: Requisição processada com sucesso {"endpoint":"/api/account/accountinfo"} []
[2021-03-23T11:20:51.548682-03:00] name.INFO: Requisição processada com sucesso {"endpoint":"/api/transaction/Deposito"} []
[2021-03-23T11:20:52.082651-03:00] name.INFO: Requisição processada com sucesso {"endpoint":"/api/account/accountinfo"} []
[2021-03-23T11:20:52.086839-03:00] name.INFO: Requisição processada com sucesso {"endpoint":"/api/transaction/transactionlist"} []
[2021-03-23T11:21:12.293649-03:00] name.INFO: Requisição processada com sucesso {"endpoint":"/api/transaction/Transferencia"} []
[2021-03-23T11:26:52.021851-03:00] name.INFO: Requisição processada com sucesso {"endpoint":"/api/account/accountinfo"} []
[2021-03-23T11:26:52.026814-03:00] name.INFO: Requisição processada com sucesso {"endpoint":"/api/transaction/transactionlist"} []
[2021-03-23T11:27:18.707422-03:00] name.INFO: Requisição processada com sucesso {"endpoint":"/api/transaction/Transferencia"} []
[2021-03-23T11:27:31.831257-03:00] name.INFO: Requisição processada com sucesso {"endpoint":"/api/user/login"} []
[2021-03-23T11:27:32.395515-03:00] name.INFO: Requisição processada com sucesso {"endpoint":"/api/account/accountinfo"} []
[2021-03-23T11:27:32.404255-03:00] name.INFO: Requisição processada com sucesso {"endpoint":"/api/transaction/transactionlist"} []
[2021-03-23T11:28:02.611960-03:00] name.INFO: Requisição processada com sucesso {"endpoint":"/api/transaction/Transferencia"} []
[2021-03-23T11:28:15.106270-03:00] name.INFO: Requisição processada com sucesso {"endpoint":"/api/account/accountinfo"} []
[2021-03-23T11:28:15.108284-03:00] name.INFO: Requisição processada com sucesso {"endpoint":"/api/transaction/transactionlist"} []
[2021-03-23T11:30:18.980572-03:00] name.INFO: Requisição processada com sucesso {"endpoint":"/api/transaction/Deposito"} []
[2021-03-23T11:30:35.081923-03:00] name.INFO: Requisição processada com sucesso {"endpoint":"/api/user/login"} []
[2021-03-23T11:30:35.266861-03:00] name.INFO: Requisição processada com sucesso {"endpoint":"/api/account/accountinfo"} []
[2021-03-23T11:30:35.274952-03:00] name.INFO: Requisição processada com sucesso {"endpoint":"/api/transaction/transactionlist"} []
[2021-03-23T11:30:49.682845-03:00] name.INFO: Requisição processada com sucesso {"endpoint":"/api/transaction/Transferencia"} []
[2021-03-23T11:30:57.501523-03:00] name.INFO: Requisição processada com sucesso {"endpoint":"/api/account/accountinfo"} []
[2021-03-23T11:30:57.503992-03:00] name.INFO: Requisição processada com sucesso {"endpoint":"/api/transaction/transactionlist"} []
[2021-03-23T11:31:06.635049-03:00] name.INFO: Requisição processada com sucesso {"endpoint":"/api/transaction/Deposito"} []
[2021-03-23T11:35:16.088762-03:00] name.INFO: Requisição processada com sucesso {"endpoint":"/api/transaction/Deposito"} []
[2021-03-23T11:37:30.972946-03:00] name.INFO: Requisição processada com sucesso {"endpoint":"/api/account/accountinfo"} []
[2021-03-23T11:37:30.973416-03:00] name.INFO: Requisição processada com sucesso {"endpoint":"/api/transaction/transactionlist"} []
[2021-03-23T11:40:01.364609-03:00] name.INFO: Requisição processada com sucesso {"endpoint":"/api/user/login"} []
[2021-03-23T11:40:01.969002-03:00] name.INFO: Requisição processada com sucesso {"endpoint":"/api/account/accountinfo"} []
[2021-03-23T11:40:01.970196-03:00] name.INFO: Requisição processada com sucesso {"endpoint":"/api/transaction/transactionlist"} []
[2021-03-23T11:41:28.432507-03:00] name.INFO: Requisição processada com sucesso {"endpoint":"/api/transaction/Transferencia"} []
[2021-03-23T11:43:55.436106-03:00] name.INFO: Requisição processada com sucesso {"endpoint":"/api/transaction/Transferencia"} []
[2021-03-23T11:44:02.099895-03:00] name.INFO: Requisição processada com sucesso {"endpoint":"/api/account/accountinfo"} []
[2021-03-23T11:44:02.108940-03:00] name.INFO: Requisição processada com sucesso {"endpoint":"/api/transaction/transactionlist"} []
[2021-03-23T11:44:07.682921-03:00] name.INFO: Requisição processada com sucesso {"endpoint":"/api/transaction/Deposito"} []
[2021-03-23T11:50:41.754197-03:00] name.INFO: Requisição processada com sucesso {"endpoint":"/api/user/login"} []
[2021-03-23T11:50:42.248159-03:00] name.INFO: Requisição processada com sucesso {"endpoint":"/api/account/accountinfo"} []
[2021-03-23T11:50:42.257039-03:00] name.INFO: Requisição processada com sucesso {"endpoint":"/api/transaction/transactionlist"} []
[2021-03-23T11:50:46.576773-03:00] name.INFO: Requisição processada com sucesso {"endpoint":"/api/transaction/Deposito"} []
[2021-03-23T11:50:58.289721-03:00] name.INFO: Requisição processada com sucesso {"endpoint":"/api/user/login"} []
[2021-03-23T11:50:58.950601-03:00] name.INFO: Requisição processada com sucesso {"endpoint":"/api/account/accountinfo"} []
[2021-03-23T11:50:58.954737-03:00] name.INFO: Requisição processada com sucesso {"endpoint":"/api/transaction/transactionlist"} []
[2021-03-23T11:51:05.204500-03:00] name.INFO: Requisição processada com sucesso {"endpoint":"/api/transaction/Saque"} []
[2021-03-23T11:51:53.496444-03:00] name.INFO: Requisição processada com sucesso {"endpoint":"/api/user/login"} []
[2021-03-23T11:51:54.141095-03:00] name.INFO: Requisição processada com sucesso {"endpoint":"/api/account/accountinfo"} []
[2021-03-23T11:51:54.141861-03:00] name.INFO: Requisição processada com sucesso {"endpoint":"/api/transaction/transactionlist"} []
[2021-03-23T11:52:00.335743-03:00] name.INFO: Requisição processada com sucesso {"endpoint":"/api/transaction/Deposito"} []
[2021-03-23T11:52:01.005487-03:00] name.INFO: Requisição processada com sucesso {"endpoint":"/api/account/accountinfo"} []
[2021-03-23T11:52:01.025330-03:00] name.INFO: Requisição processada com sucesso {"endpoint":"/api/transaction/transactionlist"} []
[2021-03-23T11:52:13.800510-03:00] name.INFO: Requisição processada com sucesso {"endpoint":"/api/transaction/Transferencia"} []
[2021-03-23T11:52:14.478527-03:00] name.INFO: Requisição processada com sucesso {"endpoint":"/api/account/accountinfo"} []
[2021-03-23T11:52:14.486256-03:00] name.INFO: Requisição processada com sucesso {"endpoint":"/api/transaction/transactionlist"} []
[2021-03-23T11:53:04.521091-03:00] name.INFO: Requisição processada com sucesso {"endpoint":"/api/transaction/Deposito"} []
[2021-03-23T11:53:52.605654-03:00] name.INFO: Requisição processada com sucesso {"endpoint":"/api/user/login"} []
[2021-03-23T11:53:53.245133-03:00] name.INFO: Requisição processada com sucesso {"endpoint":"/api/account/accountinfo"} []
[2021-03-23T11:53:53.249494-03:00] name.INFO: Requisição processada com sucesso {"endpoint":"/api/transaction/transactionlist"} []
[2021-03-23T11:54:01.293870-03:00] name.INFO: Requisição processada com sucesso {"endpoint":"/api/transaction/Deposito"} []
[2021-03-23T11:54:06.712433-03:00] name.WARNING: Bad Request: Failed to decode token [{"file":"/var/www/wjcrypto/app/bootstrap.php","line":25,"function":"validateRequest","class":"WjCrypto\\Library\\AuthManager","type":"::","args":[{"Laminas\\Diactoros\\ServerRequest":[]}]},{"file":"/var/www/wjcrypto/public/api/index.php","line":3,"args":["/var/www/wjcrypto/app/bootstrap.php"],"function":"require_once"}] []
[2021-03-23T11:54:06.717096-03:00] name.WARNING: Bad Request: Failed to decode token [{"file":"/var/www/wjcrypto/app/bootstrap.php","line":25,"function":"validateRequest","class":"WjCrypto\\Library\\AuthManager","type":"::","args":[{"Laminas\\Diactoros\\ServerRequest":[]}]},{"file":"/var/www/wjcrypto/public/api/index.php","line":3,"args":["/var/www/wjcrypto/app/bootstrap.php"],"function":"require_once"}] []
[2021-03-23T11:54:33.435961-03:00] name.INFO: Requisição processada com sucesso {"endpoint":"/api/user/login"} []
[2021-03-23T11:54:34.200699-03:00] name.INFO: Requisição processada com sucesso {"endpoint":"/api/account/accountinfo"} []
[2021-03-23T11:54:34.205055-03:00] name.INFO: Requisição processada com sucesso {"endpoint":"/api/transaction/transactionlist"} []
[2021-03-23T11:54:38.372517-03:00] name.INFO: Requisição processada com sucesso {"endpoint":"/api/transaction/Deposito"} []
[2021-03-23T11:54:40.797192-03:00] name.INFO: Requisição processada com sucesso {"endpoint":"/api/transaction/transactionlist"} []
[2021-03-23T11:54:40.799630-03:00] name.INFO: Requisição processada com sucesso {"endpoint":"/api/account/accountinfo"} []
[2021-03-23T11:55:00.017105-03:00] name.INFO: Requisição processada com sucesso {"endpoint":"/api/transaction/Transferencia"} []
[2021-03-23T11:55:03.659636-03:00] name.INFO: Requisição processada com sucesso {"endpoint":"/api/account/accountinfo"} []
[2021-03-23T11:55:03.663315-03:00] name.INFO: Requisição processada com sucesso {"endpoint":"/api/transaction/transactionlist"} []
[2021-03-23T11:56:46.826877-03:00] name.WARNING: Bad Request: Failed to decode token [{"file":"/var/www/wjcrypto/app/bootstrap.php","line":25,"function":"validateRequest","class":"WjCrypto\\Library\\AuthManager","type":"::","args":[{"Laminas\\Diactoros\\ServerRequest":[]}]},{"file":"/var/www/wjcrypto/public/api/index.php","line":3,"args":["/var/www/wjcrypto/app/bootstrap.php"],"function":"require_once"}] []
[2021-03-23T11:56:46.831713-03:00] name.WARNING: Bad Request: Failed to decode token [{"file":"/var/www/wjcrypto/app/bootstrap.php","line":25,"function":"validateRequest","class":"WjCrypto\\Library\\AuthManager","type":"::","args":[{"Laminas\\Diactoros\\ServerRequest":[]}]},{"file":"/var/www/wjcrypto/public/api/index.php","line":3,"args":["/var/www/wjcrypto/app/bootstrap.php"],"function":"require_once"}] []
[2021-03-23T11:57:42.342480-03:00] name.INFO: Requisição processada com sucesso {"endpoint":"/api/user/login"} []
[2021-03-23T11:57:42.497901-03:00] name.INFO: Requisição processada com sucesso {"endpoint":"/api/account/accountinfo"} []
[2021-03-23T11:57:42.498402-03:00] name.INFO: Requisição processada com sucesso {"endpoint":"/api/transaction/transactionlist"} []
[2021-03-23T12:01:08.370417-03:00] name.INFO: Requisição processada com sucesso {"endpoint":"/api/transaction/Saque"} []
[2021-03-23T12:01:08.500517-03:00] name.INFO: Requisição processada com sucesso {"endpoint":"/api/transaction/transactionlist"} []
[2021-03-23T12:01:08.501469-03:00] name.INFO: Requisição processada com sucesso {"endpoint":"/api/account/accountinfo"} []
[2021-03-23T12:01:38.655375-03:00] name.INFO: Requisição processada com sucesso {"endpoint":"/api/transaction/Transferencia"} []
[2021-03-23T12:01:38.799159-03:00] name.INFO: Requisição processada com sucesso {"endpoint":"/api/transaction/transactionlist"} []
[2021-03-23T12:01:38.799809-03:00] name.INFO: Requisição processada com sucesso {"endpoint":"/api/account/accountinfo"} []
[2021-03-23T12:02:18.020575-03:00] name.INFO: Requisição processada com sucesso {"endpoint":"/api/user/info"} []
[2021-03-23T12:30:51.909803-03:00] name.INFO: Requisição processada com sucesso {"endpoint":"/api/account/accountinfo"} []
[2021-03-23T12:30:51.910203-03:00] name.INFO: Requisição processada com sucesso {"endpoint":"/api/transaction/transactionlist"} []
[2021-03-23T12:31:09.839464-03:00] name.INFO: Requisição processada com sucesso {"endpoint":"/api/transaction/Saque"} []
[2021-03-23T12:31:13.109879-03:00] name.INFO: Requisição processada com sucesso {"endpoint":"/api/account/accountinfo"} []
[2021-03-23T12:31:13.110719-03:00] name.INFO: Requisição processada com sucesso {"endpoint":"/api/transaction/transactionlist"} []
[2021-03-23T12:37:20.801852-03:00] name.INFO: Requisição processada com sucesso {"endpoint":"/api/user/info"} []
[2021-03-23T12:37:23.626577-03:00] name.INFO: Requisição processada com sucesso {"endpoint":"/api/account/accountinfo"} []
[2021-03-23T12:37:23.628701-03:00] name.INFO: Requisição processada com sucesso {"endpoint":"/api/transaction/transactionlist"} []
[2021-03-23T15:14:44.890043-03:00] name.INFO: Requisição processada com sucesso {"endpoint":"/api/user/info"} []
[2021-03-23T15:15:05.049729-03:00] name.INFO: Requisição processada com sucesso {"endpoint":"/api/user/login"} []
[2021-03-23T15:15:05.227661-03:00] name.INFO: Requisição processada com sucesso {"endpoint":"/api/account/accountinfo"} []
[2021-03-23T15:15:05.232225-03:00] name.INFO: Requisição processada com sucesso {"endpoint":"/api/transaction/transactionlist"} []
[2021-03-23T15:15:07.189601-03:00] name.INFO: Requisição processada com sucesso {"endpoint":"/api/user/info"} []
[2021-03-23T15:16:26.503588-03:00] name.INFO: Requisição processada com sucesso {"endpoint":"/api/user/info"} []
[2021-03-23T15:19:42.790270-03:00] name.INFO: Requisição processada com sucesso {"endpoint":"/api/user/info"} []
[2021-03-23T15:19:51.200281-03:00] name.INFO: Requisição processada com sucesso {"endpoint":"/api/account/accountinfo"} []
[2021-03-23T15:19:51.207899-03:00] name.INFO: Requisição processada com sucesso {"endpoint":"/api/transaction/transactionlist"} []
[2021-03-23T15:21:02.087728-03:00] name.INFO: Requisição processada com sucesso {"endpoint":"/api/user/info"} []
[2021-03-23T15:22:15.470186-03:00] name.INFO: Requisição processada com sucesso {"endpoint":"/api/account/accountinfo"} []
[2021-03-23T15:22:15.474673-03:00] name.INFO: Requisição processada com sucesso {"endpoint":"/api/transaction/transactionlist"} []
[2021-03-23T15:22:18.181960-03:00] name.INFO: Requisição processada com sucesso {"endpoint":"/api/user/info"} []
[2021-03-23T15:24:10.488517-03:00] name.INFO: Requisição processada com sucesso {"endpoint":"/api/account/accountinfo"} []
[2021-03-23T15:24:10.492679-03:00] name.INFO: Requisição processada com sucesso {"endpoint":"/api/transaction/transactionlist"} []
[2021-03-23T15:25:16.234791-03:00] name.INFO: Requisição processada com sucesso {"endpoint":"/api/user/info"} []
[2021-03-23T15:29:57.319845-03:00] name.INFO: Requisição processada com sucesso {"endpoint":"/api/user/info"} []
[2021-03-23T15:34:11.272633-03:00] name.INFO: Requisição processada com sucesso {"endpoint":"/api/user/info"} []
[2021-03-23T15:34:13.795655-03:00] name.INFO: Requisição processada com sucesso {"endpoint":"/api/account/accountinfo"} []
[2021-03-23T15:34:13.796270-03:00] name.INFO: Requisição processada com sucesso {"endpoint":"/api/transaction/transactionlist"} []
[2021-03-23T15:34:20.117477-03:00] name.INFO: Requisição processada com sucesso {"endpoint":"/api/user/info"} []
[2021-03-23T15:34:24.964721-03:00] name.INFO: Requisição processada com sucesso {"endpoint":"/api/account/accountinfo"} []
[2021-03-23T15:34:24.980409-03:00] name.INFO: Requisição processada com sucesso {"endpoint":"/api/transaction/transactionlist"} []
[2021-03-23T15:36:46.978753-03:00] name.INFO: Requisição processada com sucesso {"endpoint":"/api/account/accountinfo"} []
[2021-03-23T15:36:46.980051-03:00] name.INFO: Requisição processada com sucesso {"endpoint":"/api/transaction/transactionlist"} []
[2021-03-23T15:36:58.944463-03:00] name.INFO: Requisição processada com sucesso {"endpoint":"/api/account/accountinfo"} []
[2021-03-23T15:36:58.947017-03:00] name.INFO: Requisição processada com sucesso {"endpoint":"/api/transaction/transactionlist"} []
[2021-03-23T15:37:08.131682-03:00] name.INFO: Requisição processada com sucesso {"endpoint":"/api/account/accountinfo"} []
[2021-03-23T15:37:08.141665-03:00] name.INFO: Requisição processada com sucesso {"endpoint":"/api/transaction/transactionlist"} []
[2021-03-23T15:41:31.443996-03:00] name.INFO: Requisição processada com sucesso {"endpoint":"/api/account/accountinfo"} []
[2021-03-23T15:41:31.445328-03:00] name.INFO: Requisição processada com sucesso {"endpoint":"/api/transaction/transactionlist"} []
[2021-03-23T15:51:04.064916-03:00] name.INFO: Requisição processada com sucesso {"endpoint":"/api/user/login"} []
[2021-03-23T15:51:04.723305-03:00] name.INFO: Requisição processada com sucesso {"endpoint":"/api/account/accountinfo"} []
[2021-03-23T15:51:04.726749-03:00] name.INFO: Requisição processada com sucesso {"endpoint":"/api/transaction/transactionlist"} []
[2021-03-23T15:51:22.530717-03:00] name.INFO: Requisição processada com sucesso {"endpoint":"/api/account/accountinfo"} []
[2021-03-23T15:51:22.533788-03:00] name.INFO: Requisição processada com sucesso {"endpoint":"/api/transaction/transactionlist"} []
[2021-03-23T16:53:08.230548-03:00] name.INFO: Requisição processada com sucesso {"endpoint":"/api/transaction/transactionlist"} []
[2021-03-23T16:53:08.231205-03:00] name.INFO: Requisição processada com sucesso {"endpoint":"/api/account/accountinfo"} []
[2021-03-23T16:53:24.557164-03:00] name.INFO: Requisição processada com sucesso {"endpoint":"/api/user/login"} []
[2021-03-23T16:53:24.703164-03:00] name.INFO: Requisição processada com sucesso {"endpoint":"/api/account/accountinfo"} []
[2021-03-23T16:53:24.705649-03:00] name.INFO: Requisição processada com sucesso {"endpoint":"/api/transaction/transactionlist"} []
[2021-03-23T16:57:11.565035-03:00] name.INFO: Requisição processada com sucesso {"endpoint":"/api/account/accountinfo"} []
[2021-03-23T16:57:11.566292-03:00] name.INFO: Requisição processada com sucesso {"endpoint":"/api/transaction/transactionlist"} []
[2021-03-23T16:57:26.060206-03:00] name.INFO: Requisição processada com sucesso {"endpoint":"/api/user/login"} []
[2021-03-23T16:57:26.184423-03:00] name.INFO: Requisição processada com sucesso {"endpoint":"/api/account/accountinfo"} []
[2021-03-23T16:57:26.184852-03:00] name.INFO: Requisição processada com sucesso {"endpoint":"/api/transaction/transactionlist"} []
[2021-03-23T16:58:17.419168-03:00] name.INFO: Requisição processada com sucesso {"endpoint":"/api/user/login"} []
[2021-03-23T16:58:17.540875-03:00] name.INFO: Requisição processada com sucesso {"endpoint":"/api/account/accountinfo"} []
[2021-03-23T16:58:17.541695-03:00] name.INFO: Requisição processada com sucesso {"endpoint":"/api/transaction/transactionlist"} []
[2021-03-23T16:59:25.231201-03:00] name.INFO: Requisição processada com sucesso {"endpoint":"/api/account/accountinfo"} []
[2021-03-23T16:59:25.237378-03:00] name.INFO: Requisição processada com sucesso {"endpoint":"/api/transaction/transactionlist"} []
[2021-03-23T16:59:26.078040-03:00] name.INFO: Requisição processada com sucesso {"endpoint":"/api/account/accountinfo"} []
[2021-03-23T16:59:26.078341-03:00] name.INFO: Requisição processada com sucesso {"endpoint":"/api/transaction/transactionlist"} []
[2021-03-23T16:59:26.752484-03:00] name.INFO: Requisição processada com sucesso {"endpoint":"/api/account/accountinfo"} []
[2021-03-23T16:59:26.755465-03:00] name.INFO: Requisição processada com sucesso {"endpoint":"/api/transaction/transactionlist"} []
[2021-03-23T16:59:27.328060-03:00] name.INFO: Requisição processada com sucesso {"endpoint":"/api/account/accountinfo"} []
[2021-03-23T16:59:27.329883-03:00] name.INFO: Requisição processada com sucesso {"endpoint":"/api/transaction/transactionlist"} []
[2021-03-23T16:59:31.836711-03:00] name.INFO: Requisição processada com sucesso {"endpoint":"/api/user/login"} []
[2021-03-23T16:59:31.950235-03:00] name.INFO: Requisição processada com sucesso {"endpoint":"/api/account/accountinfo"} []
[2021-03-23T16:59:31.951739-03:00] name.INFO: Requisição processada com sucesso {"endpoint":"/api/transaction/transactionlist"} []
[2021-03-23T17:02:33.639672-03:00] name.INFO: Requisição processada com sucesso {"endpoint":"/api/account/accountinfo"} []
[2021-03-23T17:02:33.644769-03:00] name.INFO: Requisição processada com sucesso {"endpoint":"/api/transaction/transactionlist"} []
[2021-03-23T17:03:48.208326-03:00] name.INFO: Requisição processada com sucesso {"endpoint":"/api/account/accountinfo"} []
[2021-03-23T17:03:48.208908-03:00] name.INFO: Requisição processada com sucesso {"endpoint":"/api/transaction/transactionlist"} []
[2021-03-23T17:06:27.483004-03:00] name.INFO: Requisição processada com sucesso {"endpoint":"/api/account/accountinfo"} []
[2021-03-23T17:06:27.483473-03:00] name.INFO: Requisição processada com sucesso {"endpoint":"/api/transaction/transactionlist"} []
[2021-03-23T17:06:37.940916-03:00] name.INFO: Requisição processada com sucesso {"endpoint":"/api/account/accountinfo"} []
[2021-03-23T17:06:37.944629-03:00] name.INFO: Requisição processada com sucesso {"endpoint":"/api/transaction/transactionlist"} []
[2021-03-23T17:07:23.942086-03:00] name.INFO: Requisição processada com sucesso {"endpoint":"/api/account/accountinfo"} []
[2021-03-23T17:07:23.948694-03:00] name.INFO: Requisição processada com sucesso {"endpoint":"/api/transaction/transactionlist"} []
[2021-03-23T17:07:32.092788-03:00] name.INFO: Requisição processada com sucesso {"endpoint":"/api/account/accountinfo"} []
[2021-03-23T17:07:32.095959-03:00] name.INFO: Requisição processada com sucesso {"endpoint":"/api/transaction/transactionlist"} []
[2021-03-23T17:08:19.120014-03:00] name.INFO: Requisição processada com sucesso {"endpoint":"/api/account/accountinfo"} []
[2021-03-23T17:08:19.120510-03:00] name.INFO: Requisição processada com sucesso {"endpoint":"/api/transaction/transactionlist"} []
[2021-03-23T17:08:38.512073-03:00] name.INFO: Requisição processada com sucesso {"endpoint":"/api/user/info"} []
[2021-03-23T17:10:10.117668-03:00] name.INFO: Requisição processada com sucesso {"endpoint":"/api/user/info"} []
[2021-03-23T17:10:33.908867-03:00] name.INFO: Requisição processada com sucesso {"endpoint":"/api/user/info"} []
[2021-03-23T17:14:39.470813-03:00] name.INFO: Requisição processada com sucesso {"endpoint":"/api/user/info"} []
[2021-03-23T17:16:57.384685-03:00] name.INFO: Requisição processada com sucesso {"endpoint":"/api/user/info"} []
[2021-03-23T17:18:10.454066-03:00] name.INFO: Requisição processada com sucesso {"endpoint":"/api/user/info"} []
[2021-03-23T17:19:52.478323-03:00] name.INFO: Requisição processada com sucesso {"endpoint":"/api/account/accountinfo"} []
[2021-03-23T17:19:52.483094-03:00] name.INFO: Requisição processada com sucesso {"endpoint":"/api/transaction/transactionlist"} []
[2021-03-23T17:19:55.015352-03:00] name.INFO: Requisição processada com sucesso {"endpoint":"/api/user/info"} []
[2021-03-23T17:20:32.505518-03:00] name.INFO: Requisição processada com sucesso {"endpoint":"/api/user/info"} []
[2021-03-23T17:20:47.224107-03:00] name.INFO: Requisição processada com sucesso {"endpoint":"/api/user/info"} []
[2021-03-23T17:21:02.609337-03:00] name.INFO: Requisição processada com sucesso {"endpoint":"/api/user/info"} []
[2021-03-23T17:21:40.580294-03:00] name.INFO: Requisição processada com sucesso {"endpoint":"/api/user/info"} []
[2021-03-23T17:23:11.792837-03:00] name.INFO: Requisição processada com sucesso {"endpoint":"/api/user/info"} []
[2021-03-23T17:23:23.459266-03:00] name.INFO: Requisição processada com sucesso {"endpoint":"/api/user/info"} []
[2021-03-23T17:23:39.995037-03:00] name.INFO: Requisição processada com sucesso {"endpoint":"/api/account/accountinfo"} []
[2021-03-23T17:23:39.999539-03:00] name.INFO: Requisição processada com sucesso {"endpoint":"/api/transaction/transactionlist"} []
[2021-03-23T17:24:46.942983-03:00] name.INFO: Requisição processada com sucesso {"endpoint":"/api/account/accountinfo"} []
[2021-03-23T17:24:46.943363-03:00] name.INFO: Requisição processada com sucesso {"endpoint":"/api/transaction/transactionlist"} []
[2021-03-23T17:24:48.643485-03:00] name.INFO: Requisição processada com sucesso {"endpoint":"/api/user/info"} []
[2021-03-23T17:24:56.457304-03:00] name.INFO: Requisição processada com sucesso {"endpoint":"/api/user/info"} []
[2021-03-23T17:26:25.057293-03:00] name.INFO: Requisição processada com sucesso {"endpoint":"/api/user/info"} []
[2021-03-23T17:27:44.535197-03:00] name.INFO: Requisição processada com sucesso {"endpoint":"/api/user/info"} []
[2021-03-23T17:29:10.337870-03:00] name.INFO: Requisição processada com sucesso {"endpoint":"/api/user/info"} []
[2021-03-23T17:29:55.750391-03:00] name.INFO: Requisição processada com sucesso {"endpoint":"/api/account/accountinfo"} []
[2021-03-23T17:29:55.751576-03:00] name.INFO: Requisição processada com sucesso {"endpoint":"/api/transaction/transactionlist"} []
[2021-03-23T17:34:01.580011-03:00] name.INFO: Requisição processada com sucesso {"endpoint":"/api/account/accountinfo"} []
[2021-03-23T17:34:01.584123-03:00] name.INFO: Requisição processada com sucesso {"endpoint":"/api/transaction/transactionlist"} []
[2021-03-23T17:34:16.988822-03:00] name.INFO: Requisição processada com sucesso {"endpoint":"/api/transaction/Deposito"} []
[2021-03-23T17:34:17.099011-03:00] name.INFO: Requisição processada com sucesso {"endpoint":"/api/account/accountinfo"} []
[2021-03-23T17:34:17.103542-03:00] name.INFO: Requisição processada com sucesso {"endpoint":"/api/transaction/transactionlist"} []
[2021-03-23T17:34:46.863245-03:00] name.INFO: Requisição processada com sucesso {"endpoint":"/api/user/login"} []
[2021-03-23T17:34:46.982204-03:00] name.INFO: Requisição processada com sucesso {"endpoint":"/api/account/accountinfo"} []
[2021-03-23T17:34:46.983277-03:00] name.INFO: Requisição processada com sucesso {"endpoint":"/api/transaction/transactionlist"} []
[2021-03-23T17:34:57.950341-03:00] name.INFO: Requisição processada com sucesso {"endpoint":"/api/transaction/Deposito"} []
[2021-03-23T17:34:58.073799-03:00] name.INFO: Requisição processada com sucesso {"endpoint":"/api/account/accountinfo"} []
[2021-03-23T17:34:58.076316-03:00] name.INFO: Requisição processada com sucesso {"endpoint":"/api/transaction/transactionlist"} []
[2021-03-23T17:36:20.139224-03:00] name.INFO: Requisição processada com sucesso {"endpoint":"/api/account/accountinfo"} []
[2021-03-23T17:36:20.141292-03:00] name.INFO: Requisição processada com sucesso {"endpoint":"/api/transaction/transactionlist"} []
[2021-03-23T17:36:28.766227-03:00] name.INFO: Requisição processada com sucesso {"endpoint":"/api/transaction/Saque"} []
[2021-03-23T17:36:33.389059-03:00] name.INFO: Requisição processada com sucesso {"endpoint":"/api/account/accountinfo"} []
[2021-03-23T17:36:33.389710-03:00] name.INFO: Requisição processada com sucesso {"endpoint":"/api/transaction/transactionlist"} []
[2021-03-23T17:36:41.650715-03:00] name.INFO: Requisição processada com sucesso {"endpoint":"/api/transaction/Deposito"} []
[2021-03-23T17:36:43.628671-03:00] name.INFO: Requisição processada com sucesso {"endpoint":"/api/account/accountinfo"} []
[2021-03-23T17:36:43.633467-03:00] name.INFO: Requisição processada com sucesso {"endpoint":"/api/transaction/transactionlist"} []
[2021-03-23T17:47:28.181600-03:00] name.INFO: Requisição processada com sucesso {"endpoint":"/api/transaction/transactionlist"} []
[2021-03-23T17:47:28.211100-03:00] name.INFO: Requisição processada com sucesso {"endpoint":"/api/account/accountinfo"} []
[2021-03-23T17:47:36.563909-03:00] name.INFO: Requisição processada com sucesso {"endpoint":"/api/transaction/Deposito"} []
[2021-03-23T17:47:38.844082-03:00] name.INFO: Requisição processada com sucesso {"endpoint":"/api/account/accountinfo"} []
[2021-03-23T17:47:38.844583-03:00] name.INFO: Requisição processada com sucesso {"endpoint":"/api/transaction/transactionlist"} []
[2021-03-23T17:48:09.858910-03:00] name.INFO: Requisição processada com sucesso {"endpoint":"/api/transaction/Deposito"} []
[2021-03-23T17:48:11.236239-03:00] name.INFO: Requisição processada com sucesso {"endpoint":"/api/account/accountinfo"} []
[2021-03-23T17:48:11.239716-03:00] name.INFO: Requisição processada com sucesso {"endpoint":"/api/transaction/transactionlist"} []
[2021-03-23T17:49:50.178340-03:00] name.INFO: Requisição processada com sucesso {"endpoint":"/api/user/login"} []
[2021-03-23T17:49:50.325844-03:00] name.INFO: Requisição processada com sucesso {"endpoint":"/api/account/accountinfo"} []
[2021-03-23T17:49:50.327762-03:00] name.INFO: Requisição processada com sucesso {"endpoint":"/api/transaction/transactionlist"} []
[2021-03-23T17:50:17.817520-03:00] name.INFO: Requisição processada com sucesso {"endpoint":"/api/user/info"} []
[2021-03-23T17:50:30.967384-03:00] name.INFO: Requisição processada com sucesso {"endpoint":"/api/user/info"} []
[2021-03-23T17:50:37.578173-03:00] name.INFO: Requisição processada com sucesso {"endpoint":"/api/account/accountinfo"} []
[2021-03-23T17:50:37.578190-03:00] name.INFO: Requisição processada com sucesso {"endpoint":"/api/transaction/transactionlist"} []
[2021-03-23T17:55:38.692095-03:00] name.WARNING: Bad Request: Missing authentication key [{"file":"/var/www/wjcrypto/app/bootstrap.php","line":25,"function":"validateRequest","class":"WjCrypto\\Library\\AuthManager","type":"::","args":[{"Laminas\\Diactoros\\ServerRequest":[]}]},{"file":"/var/www/wjcrypto/public/api/index.php","line":3,"args":["/var/www/wjcrypto/app/bootstrap.php"],"function":"require_once"}] []
[2021-03-23T17:56:26.889354-03:00] name.INFO: Requisição processada com sucesso {"endpoint":"/api/user/login"} []
[2021-03-23T18:09:11.814622-03:00] name.INFO: Requisição processada com sucesso {"endpoint":"/api/user/info"} []
[2021-03-23T18:20:07.868800-03:00] name.INFO: Requisição processada com sucesso {"endpoint":"/api/user/signup"} []
[2021-03-23T18:28:30.108294-03:00] name.INFO: Requisição processada com sucesso {"endpoint":"/api/transaction/Deposito"} []
[2021-03-23T18:28:43.534851-03:00] name.INFO: Requisição processada com sucesso {"endpoint":"/api/transaction/Deposito"} []
[2021-03-23T18:29:37.178314-03:00] name.INFO: Requisição processada com sucesso {"endpoint":"/api/transaction/Deposito"} []
[2021-03-23T18:39:19.674364-03:00] name.INFO: Requisição processada com sucesso {"endpoint":"/api/user/login"} []
[2021-03-23T18:39:20.134594-03:00] name.INFO: Requisição processada com sucesso {"endpoint":"/api/account/accountinfo"} []
[2021-03-23T18:39:20.147287-03:00] name.INFO: Requisição processada com sucesso {"endpoint":"/api/transaction/transactionlist"} []
[2021-03-23T18:39:31.191458-03:00] name.INFO: Requisição processada com sucesso {"endpoint":"/api/transaction/Deposito"} []
[2021-03-23T18:41:48.448678-03:00] name.INFO: Requisição processada com sucesso {"endpoint":"/api/transaction/Deposito"} []
[2021-03-23T18:54:12.179889-03:00] name.WARNING: Bad Request: Missing authentication key [{"file":"/var/www/wjcrypto/app/bootstrap.php","line":25,"function":"validateRequest","class":"WjCrypto\\Library\\AuthManager","type":"::","args":[{"Laminas\\Diactoros\\ServerRequest":[]}]},{"file":"/var/www/wjcrypto/public/api/index.php","line":3,"args":["/var/www/wjcrypto/app/bootstrap.php"],"function":"require_once"}] []
[2021-03-23T19:01:23.296467-03:00] name.INFO: Requisição processada com sucesso {"endpoint":"/api/transaction/Deposito"} []
[2021-03-23T19:01:55.080054-03:00] name.INFO: Requisição processada com sucesso {"endpoint":"/api/transaction/Deposito"} []
[2021-03-23T19:02:49.134284-03:00] name.INFO: Requisição processada com sucesso {"endpoint":"/api/transaction/Saque"} []
[2021-03-23T19:09:53.041876-03:00] name.INFO: Requisição processada com sucesso {"endpoint":"/api/transaction/Transferencia"} []
[2021-03-23T19:10:49.874385-03:00] name.INFO: Requisição processada com sucesso {"endpoint":"/api/transaction/Transferencia"} []
[2021-03-23T19:11:48.709301-03:00] name.INFO: Requisição processada com sucesso {"endpoint":"/api/account/accountinfo"} []
[2021-03-23T19:11:48.709889-03:00] name.INFO: Requisição processada com sucesso {"endpoint":"/api/transaction/transactionlist"} []
[2021-03-23T19:12:12.576987-03:00] name.INFO: Requisição processada com sucesso {"endpoint":"/api/transaction/Transferencia"} []
[2021-03-23T19:12:14.789922-03:00] name.INFO: Requisição processada com sucesso {"endpoint":"/api/account/accountinfo"} []
[2021-03-23T19:12:14.790691-03:00] name.INFO: Requisição processada com sucesso {"endpoint":"/api/transaction/transactionlist"} []
[2021-03-23T19:13:54.578943-03:00] name.INFO: Requisição processada com sucesso {"endpoint":"/api/transaction/Transferencia"} []
[2021-03-23T19:14:10.260825-03:00] name.INFO: Requisição processada com sucesso {"endpoint":"/api/transaction/Transferencia"} []
[2021-03-23T19:17:50.692246-03:00] name.INFO: Requisição processada com sucesso {"endpoint":"/api/user/transactionlist"} []
[2021-03-23T19:18:36.484902-03:00] name.INFO: Requisição processada com sucesso {"endpoint":"/api/transaction/transactionlist"} []
[2021-03-24T07:57:47.211223-03:00] name.INFO: Requisição processada com sucesso {"endpoint":"/api/account/accountinfo"} []
[2021-03-24T07:57:47.213790-03:00] name.INFO: Requisição processada com sucesso {"endpoint":"/api/transaction/transactionlist"} []
[2021-03-24T07:57:53.464983-03:00] name.INFO: Requisição processada com sucesso {"endpoint":"/api/transaction/Deposito"} []
[2021-03-24T07:58:15.488194-03:00] name.INFO: Requisição processada com sucesso {"endpoint":"/api/transaction/Deposito"} []
[2021-03-24T07:59:11.776727-03:00] name.INFO: Requisição processada com sucesso {"endpoint":"/api/transaction/Deposito"} []
[2021-03-24T07:59:16.925685-03:00] name.INFO: Requisição processada com sucesso {"endpoint":"/api/transaction/Deposito"} []
[2021-03-24T08:00:03.220811-03:00] name.INFO: Requisição processada com sucesso {"endpoint":"/api/transaction/Deposito"} []
[2021-03-24T08:00:43.552140-03:00] name.INFO: Requisição processada com sucesso {"endpoint":"/api/transaction/Deposito"} []
[2021-03-24T08:05:22.628675-03:00] name.INFO: Requisição processada com sucesso {"endpoint":"/api/transaction/Deposito"} []
[2021-03-24T08:05:26.459981-03:00] name.INFO: Requisição processada com sucesso {"endpoint":"/api/account/accountinfo"} []
[2021-03-24T08:05:26.481176-03:00] name.INFO: Requisição processada com sucesso {"endpoint":"/api/transaction/transactionlist"} []
[2021-03-24T08:05:28.683726-03:00] name.INFO: Requisição processada com sucesso {"endpoint":"/api/transaction/Deposito"} []
[2021-03-24T08:05:29.396071-03:00] name.INFO: Requisição processada com sucesso {"endpoint":"/api/account/accountinfo"} []
[2021-03-24T08:05:29.402024-03:00] name.INFO: Requisição processada com sucesso {"endpoint":"/api/transaction/transactionlist"} []
[2021-03-24T08:07:54.218279-03:00] name.INFO: Requisição processada com sucesso {"endpoint":"/api/transaction/Deposito"} []
[2021-03-24T08:12:09.304967-03:00] name.INFO: Requisição processada com sucesso {"endpoint":"/api/user/login"} []
[2021-03-24T08:12:09.545924-03:00] name.INFO: Requisição processada com sucesso {"endpoint":"/api/account/accountinfo"} []
[2021-03-24T08:12:09.548839-03:00] name.INFO: Requisição processada com sucesso {"endpoint":"/api/transaction/transactionlist"} []
[2021-03-24T08:12:20.684823-03:00] name.INFO: Requisição processada com sucesso {"endpoint":"/api/transaction/Deposito"} []
[2021-03-24T08:12:20.813493-03:00] name.INFO: Requisição processada com sucesso {"endpoint":"/api/account/accountinfo"} []
[2021-03-24T08:12:20.813789-03:00] name.INFO: Requisição processada com sucesso {"endpoint":"/api/transaction/transactionlist"} []
[2021-03-24T08:12:33.276640-03:00] name.INFO: Requisição processada com sucesso {"endpoint":"/api/user/info"} []
[2021-03-24T08:12:35.880836-03:00] name.INFO: Requisição processada com sucesso {"endpoint":"/api/account/accountinfo"} []
[2021-03-24T08:12:35.884044-03:00] name.INFO: Requisição processada com sucesso {"endpoint":"/api/transaction/transactionlist"} []
[2021-03-24T08:12:47.141379-03:00] name.INFO: Requisição processada com sucesso {"endpoint":"/api/transaction/Saque"} []
[2021-03-24T08:12:47.282146-03:00] name.INFO: Requisição processada com sucesso {"endpoint":"/api/account/accountinfo"} []
[2021-03-24T08:12:47.282609-03:00] name.INFO: Requisição processada com sucesso {"endpoint":"/api/transaction/transactionlist"} []
[2021-03-24T08:14:08.502188-03:00] name.INFO: Requisição processada com sucesso {"endpoint":"/api/transaction/Transferencia"} []
[2021-03-24T08:14:08.635911-03:00] name.INFO: Requisição processada com sucesso {"endpoint":"/api/account/accountinfo"} []
[2021-03-24T08:14:08.636894-03:00] name.INFO: Requisição processada com sucesso {"endpoint":"/api/transaction/transactionlist"} []
[2021-03-24T08:20:06.357209-03:00] name.WARNING: Bad Request: Failed to decode token [{"file":"/var/www/wjcrypto/app/bootstrap.php","line":25,"function":"validateRequest","class":"WjCrypto\\Library\\AuthManager","type":"::","args":[{"Laminas\\Diactoros\\ServerRequest":[]}]},{"file":"/var/www/wjcrypto/public/api/index.php","line":3,"args":["/var/www/wjcrypto/app/bootstrap.php"],"function":"require_once"}] []
[2021-03-24T08:20:06.357210-03:00] name.WARNING: Bad Request: Failed to decode token [{"file":"/var/www/wjcrypto/app/bootstrap.php","line":25,"function":"validateRequest","class":"WjCrypto\\Library\\AuthManager","type":"::","args":[{"Laminas\\Diactoros\\ServerRequest":[]}]},{"file":"/var/www/wjcrypto/public/api/index.php","line":3,"args":["/var/www/wjcrypto/app/bootstrap.php"],"function":"require_once"}] []
[2021-03-24T08:21:39.599718-03:00] name.WARNING: Bad Request: Failed to decode token [{"file":"/var/www/wjcrypto/app/bootstrap.php","line":25,"function":"validateRequest","class":"WjCrypto\\Library\\AuthManager","type":"::","args":[{"Laminas\\Diactoros\\ServerRequest":[]}]},{"file":"/var/www/wjcrypto/public/api/index.php","line":3,"args":["/var/www/wjcrypto/app/bootstrap.php"],"function":"require_once"}] []
[2021-03-24T08:36:55.160201-03:00] name.INFO: Requisição processada com sucesso {"endpoint":"/api/user/signup"} []
[2021-03-24T08:38:12.530874-03:00] name.INFO: Requisição processada com sucesso {"endpoint":"/api/user/login"} []
[2021-03-24T08:38:12.840463-03:00] name.INFO: Requisição processada com sucesso {"endpoint":"/api/account/accountinfo"} []
[2021-03-24T08:38:12.842231-03:00] name.INFO: Requisição processada com sucesso {"endpoint":"/api/transaction/transactionlist"} []
[2021-03-24T08:39:23.363058-03:00] name.INFO: Requisição processada com sucesso {"endpoint":"/api/user/info"} []
[2021-03-24T08:39:42.218965-03:00] name.INFO: Requisição processada com sucesso {"endpoint":"/api/account/updateaddress"} []
[2021-03-24T08:39:45.250904-03:00] name.INFO: Requisição processada com sucesso {"endpoint":"/api/account/accountinfo"} []
[2021-03-24T08:39:45.251404-03:00] name.INFO: Requisição processada com sucesso {"endpoint":"/api/transaction/transactionlist"} []
[2021-03-24T08:39:48.768791-03:00] name.INFO: Requisição processada com sucesso {"endpoint":"/api/user/info"} []
[2021-03-24T08:39:52.714128-03:00] name.INFO: Requisição processada com sucesso {"endpoint":"/api/account/accountinfo"} []
[2021-03-24T08:39:52.714845-03:00] name.INFO: Requisição processada com sucesso {"endpoint":"/api/transaction/transactionlist"} []
[2021-03-24T08:40:13.929940-03:00] name.INFO: Requisição processada com sucesso {"endpoint":"/api/transaction/Deposito"} []
[2021-03-24T08:40:16.170778-03:00] name.INFO: Requisição processada com sucesso {"endpoint":"/api/account/accountinfo"} []
[2021-03-24T08:40:16.177539-03:00] name.INFO: Requisição processada com sucesso {"endpoint":"/api/transaction/transactionlist"} []
[2021-03-24T08:40:31.302973-03:00] name.INFO: Requisição processada com sucesso {"endpoint":"/api/transaction/Deposito"} []
[2021-03-24T08:40:31.443932-03:00] name.INFO: Requisição processada com sucesso {"endpoint":"/api/account/accountinfo"} []
[2021-03-24T08:40:31.446747-03:00] name.INFO: Requisição processada com sucesso {"endpoint":"/api/transaction/transactionlist"} []
[2021-03-24T08:40:51.272400-03:00] name.INFO: Requisição processada com sucesso {"endpoint":"/api/transaction/Saque"} []
[2021-03-24T08:40:54.664930-03:00] name.INFO: Requisição processada com sucesso {"endpoint":"/api/account/accountinfo"} []
[2021-03-24T08:40:54.665640-03:00] name.INFO: Requisição processada com sucesso {"endpoint":"/api/transaction/transactionlist"} []
[2021-03-24T08:41:03.254826-03:00] name.INFO: Requisição processada com sucesso {"endpoint":"/api/transaction/Deposito"} []
[2021-03-24T08:41:03.383014-03:00] name.INFO: Requisição processada com sucesso {"endpoint":"/api/account/accountinfo"} []
[2021-03-24T08:41:03.383580-03:00] name.INFO: Requisição processada com sucesso {"endpoint":"/api/transaction/transactionlist"} []
[2021-03-24T08:41:14.982717-03:00] name.INFO: Requisição processada com sucesso {"endpoint":"/api/transaction/Saque"} []
[2021-03-24T08:41:15.107353-03:00] name.INFO: Requisição processada com sucesso {"endpoint":"/api/account/accountinfo"} []
[2021-03-24T08:41:15.107968-03:00] name.INFO: Requisição processada com sucesso {"endpoint":"/api/transaction/transactionlist"} []
[2021-03-24T08:41:43.218519-03:00] name.INFO: Requisição processada com sucesso {"endpoint":"/api/transaction/Transferencia"} []
[2021-03-24T08:41:48.478400-03:00] name.INFO: Requisição processada com sucesso {"endpoint":"/api/account/accountinfo"} []
[2021-03-24T08:41:48.478805-03:00] name.INFO: Requisição processada com sucesso {"endpoint":"/api/transaction/transactionlist"} []
[2021-03-24T08:42:30.515057-03:00] name.INFO: Requisição processada com sucesso {"endpoint":"/api/transaction/Transferencia"} []
[2021-03-24T08:42:33.901518-03:00] name.INFO: Requisição processada com sucesso {"endpoint":"/api/account/accountinfo"} []
[2021-03-24T08:42:33.902446-03:00] name.INFO: Requisição processada com sucesso {"endpoint":"/api/transaction/transactionlist"} []
[2021-03-24T08:42:49.508447-03:00] name.INFO: Requisição processada com sucesso {"endpoint":"/api/transaction/Transferencia"} []
[2021-03-24T08:42:49.652990-03:00] name.INFO: Requisição processada com sucesso {"endpoint":"/api/account/accountinfo"} []
[2021-03-24T08:42:49.654640-03:00] name.INFO: Requisição processada com sucesso {"endpoint":"/api/transaction/transactionlist"} []
[2021-03-24T08:46:13.220945-03:00] name.WARNING: Bad Request: Failed to decode token [{"file":"/var/www/wjcrypto/app/bootstrap.php","line":25,"function":"validateRequest","class":"WjCrypto\\Library\\AuthManager","type":"::","args":[{"Laminas\\Diactoros\\ServerRequest":[]}]},{"file":"/var/www/wjcrypto/public/api/index.php","line":3,"args":["/var/www/wjcrypto/app/bootstrap.php"],"function":"require_once"}] []
[2021-03-24T08:46:13.221513-03:00] name.WARNING: Bad Request: Failed to decode token [{"file":"/var/www/wjcrypto/app/bootstrap.php","line":25,"function":"validateRequest","class":"WjCrypto\\Library\\AuthManager","type":"::","args":[{"Laminas\\Diactoros\\ServerRequest":[]}]},{"file":"/var/www/wjcrypto/public/api/index.php","line":3,"args":["/var/www/wjcrypto/app/bootstrap.php"],"function":"require_once"}] []
[2021-03-24T08:47:32.722450-03:00] name.INFO: Requisição processada com sucesso {"endpoint":"/api/user/login"} []
[2021-03-24T08:47:32.887626-03:00] name.INFO: Requisição processada com sucesso {"endpoint":"/api/account/accountinfo"} []
[2021-03-24T08:47:32.894744-03:00] name.INFO: Requisição processada com sucesso {"endpoint":"/api/transaction/transactionlist"} []
[2021-03-24T08:47:38.521086-03:00] name.INFO: Requisição processada com sucesso {"endpoint":"/api/user/info"} []
[2021-03-24T08:47:45.816275-03:00] name.INFO: Requisição processada com sucesso {"endpoint":"/api/account/accountinfo"} []
[2021-03-24T08:47:45.816357-03:00] name.INFO: Requisição processada com sucesso {"endpoint":"/api/transaction/transactionlist"} []
[2021-03-26T10:25:24.510492-03:00] name.INFO: Requisição processada com sucesso {"endpoint":"/api/user/signup"} []
[2021-03-26T10:26:20.837222-03:00] name.INFO: Requisição processada com sucesso {"endpoint":"/api/user/login"} []
[2021-03-26T10:26:21.310537-03:00] name.INFO: Requisição processada com sucesso {"endpoint":"/api/account/accountinfo"} []
[2021-03-26T10:26:21.319059-03:00] name.INFO: Requisição processada com sucesso {"endpoint":"/api/transaction/transactionlist"} []
[2021-03-26T10:28:26.026767-03:00] name.WARNING: Bad Request: Failed to decode token [{"file":"/var/www/wjcrypto/app/bootstrap.php","line":25,"function":"validateRequest","class":"WjCrypto\\Library\\AuthManager","type":"::","args":[{"Laminas\\Diactoros\\ServerRequest":[]}]},{"file":"/var/www/wjcrypto/public/api/index.php","line":3,"args":["/var/www/wjcrypto/app/bootstrap.php"],"function":"require_once"}] []
[2021-03-26T10:28:26.026764-03:00] name.WARNING: Bad Request: Failed to decode token [{"file":"/var/www/wjcrypto/app/bootstrap.php","line":25,"function":"validateRequest","class":"WjCrypto\\Library\\AuthManager","type":"::","args":[{"Laminas\\Diactoros\\ServerRequest":[]}]},{"file":"/var/www/wjcrypto/public/api/index.php","line":3,"args":["/var/www/wjcrypto/app/bootstrap.php"],"function":"require_once"}] []
[2021-03-26T10:28:40.027640-03:00] name.INFO: Requisição processada com sucesso {"endpoint":"/api/user/login"} []
[2021-03-26T10:28:40.182417-03:00] name.INFO: Requisição processada com sucesso {"endpoint":"/api/account/accountinfo"} []
[2021-03-26T10:28:40.187850-03:00] name.INFO: Requisição processada com sucesso {"endpoint":"/api/transaction/transactionlist"} []
[2021-03-26T10:28:52.117053-03:00] name.INFO: Requisição processada com sucesso {"endpoint":"/api/transaction/Deposito"} []
[2021-03-26T10:28:56.706857-03:00] name.INFO: Requisição processada com sucesso {"endpoint":"/api/account/accountinfo"} []
[2021-03-26T10:28:56.708984-03:00] name.INFO: Requisição processada com sucesso {"endpoint":"/api/transaction/transactionlist"} []
[2021-03-26T10:29:04.516666-03:00] name.INFO: Requisição processada com sucesso {"endpoint":"/api/transaction/Deposito"} []
[2021-03-26T10:29:04.643796-03:00] name.INFO: Requisição processada com sucesso {"endpoint":"/api/account/accountinfo"} []
[2021-03-26T10:29:04.647662-03:00] name.INFO: Requisição processada com sucesso {"endpoint":"/api/transaction/transactionlist"} []
[2021-03-26T10:29:26.856399-03:00] name.INFO: Requisição processada com sucesso {"endpoint":"/api/user/info"} []
[2021-03-26T10:29:46.329141-03:00] name.INFO: Requisição processada com sucesso {"endpoint":"/api/account/updateaddress"} []
[2021-03-26T10:29:48.911727-03:00] name.INFO: Requisição processada com sucesso {"endpoint":"/api/account/accountinfo"} []
[2021-03-26T10:29:48.912158-03:00] name.INFO: Requisição processada com sucesso {"endpoint":"/api/transaction/transactionlist"} []
[2021-03-26T10:29:50.636144-03:00] name.INFO: Requisição processada com sucesso {"endpoint":"/api/user/info"} []
[2021-03-26T10:29:56.374365-03:00] name.INFO: Requisição processada com sucesso {"endpoint":"/api/transaction/transactionlist"} []
[2021-03-26T10:29:56.375539-03:00] name.INFO: Requisição processada com sucesso {"endpoint":"/api/account/accountinfo"} []
[2021-03-26T13:50:44.553032-03:00] name.INFO: Requisição processada com sucesso {"endpoint":"/api/user/login"} []
[2021-03-26T13:50:45.082264-03:00] name.INFO: Requisição processada com sucesso {"endpoint":"/api/account/accountinfo"} []
[2021-03-26T13:50:45.084626-03:00] name.INFO: Requisição processada com sucesso {"endpoint":"/api/transaction/transactionlist"} []
[2021-03-26T13:50:47.492962-03:00] name.INFO: Requisição processada com sucesso {"endpoint":"/api/user/info"} []
[2021-03-26T13:50:50.560508-03:00] name.INFO: Requisição processada com sucesso {"endpoint":"/api/account/accountinfo"} []
[2021-03-26T13:50:50.562675-03:00] name.INFO: Requisição processada com sucesso {"endpoint":"/api/transaction/transactionlist"} []
[2021-03-26T14:14:15.875085-03:00] name.INFO: Requisição processada com sucesso {"endpoint":"/api/user/signup"} []
[2021-03-26T14:15:09.732314-03:00] name.WARNING: Unauthorized: Usuario inixistente [{"file":"/var/www/wjcrypto/app/bootstrap.php","line":25,"function":"validateRequest","class":"WjCrypto\\Library\\AuthManager","type":"::","args":[{"Laminas\\Diactoros\\ServerRequest":[]}]},{"file":"/var/www/wjcrypto/public/api/index.php","line":3,"args":["/var/www/wjcrypto/app/bootstrap.php"],"function":"require_once"}] []
[2021-03-26T14:15:24.211886-03:00] name.WARNING: Unauthorized: Senha incorreta [{"file":"/var/www/wjcrypto/app/bootstrap.php","line":25,"function":"validateRequest","class":"WjCrypto\\Library\\AuthManager","type":"::","args":[{"Laminas\\Diactoros\\ServerRequest":[]}]},{"file":"/var/www/wjcrypto/public/api/index.php","line":3,"args":["/var/www/wjcrypto/app/bootstrap.php"],"function":"require_once"}] []
[2021-03-26T14:15:30.522400-03:00] name.INFO: Requisição processada com sucesso {"endpoint":"/api/user/login"} []
[2021-03-26T14:15:30.672735-03:00] name.INFO: Requisição processada com sucesso {"endpoint":"/api/account/accountinfo"} []
[2021-03-26T14:15:30.722864-03:00] name.INFO: Requisição processada com sucesso {"endpoint":"/api/transaction/transactionlist"} []
[2021-03-26T14:15:38.051509-03:00] name.INFO: Requisição processada com sucesso {"endpoint":"/api/user/info"} []
[2021-03-26T14:16:05.642791-03:00] name.INFO: Requisição processada com sucesso {"endpoint":"/api/account/updateaddress"} []
[2021-03-26T14:16:08.377253-03:00] name.INFO: Requisição processada com sucesso {"endpoint":"/api/account/accountinfo"} []
[2021-03-26T14:16:08.377734-03:00] name.INFO: Requisição processada com sucesso {"endpoint":"/api/transaction/transactionlist"} []
[2021-03-26T14:16:10.629410-03:00] name.INFO: Requisição processada com sucesso {"endpoint":"/api/user/info"} []
[2021-03-26T14:16:16.728391-03:00] name.INFO: Requisição processada com sucesso {"endpoint":"/api/account/accountinfo"} []
[2021-03-26T14:16:16.732277-03:00] name.INFO: Requisição processada com sucesso {"endpoint":"/api/transaction/transactionlist"} []
[2021-03-26T14:16:49.035955-03:00] name.INFO: Requisição processada com sucesso {"endpoint":"/api/transaction/Deposito"} []
[2021-03-26T14:17:01.646842-03:00] name.INFO: Requisição processada com sucesso {"endpoint":"/api/account/accountinfo"} []
[2021-03-26T14:17:01.648306-03:00] name.INFO: Requisição processada com sucesso {"endpoint":"/api/transaction/transactionlist"} []
[2021-03-26T14:17:08.377641-03:00] name.INFO: Requisição processada com sucesso {"endpoint":"/api/transaction/Deposito"} []
[2021-03-26T14:17:08.536779-03:00] name.INFO: Requisição processada com sucesso {"endpoint":"/api/account/accountinfo"} []
[2021-03-26T14:17:08.539610-03:00] name.INFO: Requisição processada com sucesso {"endpoint":"/api/transaction/transactionlist"} []
[2021-03-26T14:17:42.069075-03:00] name.INFO: Requisição processada com sucesso {"endpoint":"/api/transaction/Deposito"} []
[2021-03-26T14:17:42.219523-03:00] name.INFO: Requisição processada com sucesso {"endpoint":"/api/transaction/transactionlist"} []
[2021-03-26T14:17:42.219880-03:00] name.INFO: Requisição processada com sucesso {"endpoint":"/api/account/accountinfo"} []
[2021-03-26T14:17:52.722953-03:00] name.INFO: Requisição processada com sucesso {"endpoint":"/api/transaction/Saque"} []
[2021-03-26T14:17:54.831162-03:00] name.INFO: Requisição processada com sucesso {"endpoint":"/api/account/accountinfo"} []
[2021-03-26T14:17:54.835542-03:00] name.INFO: Requisição processada com sucesso {"endpoint":"/api/transaction/transactionlist"} []
[2021-03-26T14:17:58.911151-03:00] name.INFO: Requisição processada com sucesso {"endpoint":"/api/transaction/Deposito"} []
[2021-03-26T14:17:59.041899-03:00] name.INFO: Requisição processada com sucesso {"endpoint":"/api/account/accountinfo"} []
[2021-03-26T14:17:59.044131-03:00] name.INFO: Requisição processada com sucesso {"endpoint":"/api/transaction/transactionlist"} []
[2021-03-26T14:18:06.310726-03:00] name.INFO: Requisição processada com sucesso {"endpoint":"/api/transaction/Saque"} []
[2021-03-26T14:18:06.443463-03:00] name.INFO: Requisição processada com sucesso {"endpoint":"/api/account/accountinfo"} []
[2021-03-26T14:18:06.446977-03:00] name.INFO: Requisição processada com sucesso {"endpoint":"/api/transaction/transactionlist"} []
[2021-03-26T14:18:55.880348-03:00] name.INFO: Requisição processada com sucesso {"endpoint":"/api/transaction/Transferencia"} []
[2021-03-26T14:18:57.956778-03:00] name.INFO: Requisição processada com sucesso {"endpoint":"/api/account/accountinfo"} []
[2021-03-26T14:18:57.961059-03:00] name.INFO: Requisição processada com sucesso {"endpoint":"/api/transaction/transactionlist"} []
[2021-03-26T14:19:07.330482-03:00] name.INFO: Requisição processada com sucesso {"endpoint":"/api/transaction/Transferencia"} []
[2021-03-26T14:19:07.461077-03:00] name.INFO: Requisição processada com sucesso {"endpoint":"/api/transaction/transactionlist"} []
[2021-03-26T14:19:07.461340-03:00] name.INFO: Requisição processada com sucesso {"endpoint":"/api/account/accountinfo"} []
[2021-03-26T15:41:30.004053-03:00] name.INFO: Requisição processada com sucesso {"endpoint":"/api/user/login"} []
[2021-03-26T15:41:30.935643-03:00] name.INFO: Requisição processada com sucesso {"endpoint":"/api/account/accountinfo"} []
[2021-03-26T15:41:31.045853-03:00] name.INFO: Requisição processada com sucesso {"endpoint":"/api/transaction/transactionlist"} []
[2021-03-26T15:46:20.507135-03:00] name.INFO: Requisição processada com sucesso {"endpoint":"/api/transaction/Deposito"} []
[2021-03-26T15:46:21.277474-03:00] name.INFO: Requisição processada com sucesso {"endpoint":"/api/account/accountinfo"} []
[2021-03-26T15:46:21.387745-03:00] name.INFO: Requisição processada com sucesso {"endpoint":"/api/transaction/transactionlist"} []
[2021-03-30T13:53:31.429658-03:00] name.INFO: Requisição processada com sucesso {"endpoint":"/api/user/login"} []
[2021-03-30T13:53:31.928194-03:00] name.INFO: Requisição processada com sucesso {"endpoint":"/api/account/accountinfo"} []
[2021-03-30T13:53:31.937865-03:00] name.INFO: Requisição processada com sucesso {"endpoint":"/api/transaction/transactionlist"} []
[2021-03-30T13:53:50.838104-03:00] name.WARNING: Bad Request: Failed to decode token [{"file":"/var/www/wjcrypto/app/bootstrap.php","line":25,"function":"validateRequest","class":"WjCrypto\\Library\\AuthManager","type":"::","args":[{"Laminas\\Diactoros\\ServerRequest":[]}]},{"file":"/var/www/wjcrypto/public/api/index.php","line":3,"args":["/var/www/wjcrypto/app/bootstrap.php"],"function":"require_once"}] []
[2021-03-30T13:53:50.838135-03:00] name.WARNING: Bad Request: Failed to decode token [{"file":"/var/www/wjcrypto/app/bootstrap.php","line":25,"function":"validateRequest","class":"WjCrypto\\Library\\AuthManager","type":"::","args":[{"Laminas\\Diactoros\\ServerRequest":[]}]},{"file":"/var/www/wjcrypto/public/api/index.php","line":3,"args":["/var/www/wjcrypto/app/bootstrap.php"],"function":"require_once"}] []
[2021-03-30T13:53:54.123870-03:00] name.INFO: Requisição processada com sucesso {"endpoint":"/api/user/login"} []
[2021-03-30T13:53:54.305972-03:00] name.INFO: Requisição processada com sucesso {"endpoint":"/api/account/accountinfo"} []
[2021-03-30T13:53:54.311431-03:00] name.INFO: Requisição processada com sucesso {"endpoint":"/api/transaction/transactionlist"} []
[2021-03-30T13:54:14.729957-03:00] name.INFO: Requisição processada com sucesso {"endpoint":"/api/transaction/Deposito"} []
[2021-03-30T13:54:14.914267-03:00] name.INFO: Requisição processada com sucesso {"endpoint":"/api/account/accountinfo"} []
[2021-03-30T13:54:14.920387-03:00] name.INFO: Requisição processada com sucesso {"endpoint":"/api/transaction/transactionlist"} []
[2021-03-30T13:54:19.842997-03:00] name.INFO: Requisição processada com sucesso {"endpoint":"/api/transaction/Deposito"} []
[2021-03-30T13:54:21.294135-03:00] name.INFO: Requisição processada com sucesso {"endpoint":"/api/account/accountinfo"} []
[2021-03-30T13:54:21.296810-03:00] name.INFO: Requisição processada com sucesso {"endpoint":"/api/transaction/transactionlist"} []
[2021-03-30T13:54:27.750137-03:00] name.INFO: Requisição processada com sucesso {"endpoint":"/api/transaction/Saque"} []
[2021-03-30T13:54:27.911454-03:00] name.INFO: Requisição processada com sucesso {"endpoint":"/api/transaction/transactionlist"} []
[2021-03-30T13:54:27.914811-03:00] name.INFO: Requisição processada com sucesso {"endpoint":"/api/account/accountinfo"} []
[2021-03-30T13:55:05.358536-03:00] name.INFO: Requisição processada com sucesso {"endpoint":"/api/transaction/Transferencia"} []
[2021-03-30T13:55:05.592222-03:00] name.INFO: Requisição processada com sucesso {"endpoint":"/api/account/accountinfo"} []
[2021-03-30T13:55:05.633581-03:00] name.INFO: Requisição processada com sucesso {"endpoint":"/api/transaction/transactionlist"} []
[2021-03-30T13:55:42.843924-03:00] name.INFO: Requisição processada com sucesso {"endpoint":"/api/transaction/Transferencia"} []
[2021-03-30T13:55:44.975856-03:00] name.INFO: Requisição processada com sucesso {"endpoint":"/api/account/accountinfo"} []
[2021-03-30T13:55:44.984150-03:00] name.INFO: Requisição processada com sucesso {"endpoint":"/api/transaction/transactionlist"} []
[2021-03-30T15:10:16.370696-03:00] name.INFO: Requisição processada com sucesso {"endpoint":"/api/user/signup"} []
[2021-03-30T15:11:00.915964-03:00] name.WARNING: Unauthorized: Usuario inixistente [{"file":"/var/www/wjcrypto/app/bootstrap.php","line":25,"function":"validateRequest","class":"WjCrypto\\Library\\AuthManager","type":"::","args":[{"Laminas\\Diactoros\\ServerRequest":[]}]},{"file":"/var/www/wjcrypto/public/api/index.php","line":3,"args":["/var/www/wjcrypto/app/bootstrap.php"],"function":"require_once"}] []
[2021-03-30T15:11:38.249818-03:00] name.INFO: Requisição processada com sucesso {"endpoint":"/api/user/login"} []
[2021-03-30T15:11:39.018539-03:00] name.INFO: Requisição processada com sucesso {"endpoint":"/api/account/accountinfo"} []
[2021-03-30T15:11:39.026934-03:00] name.INFO: Requisição processada com sucesso {"endpoint":"/api/transaction/transactionlist"} []
[2021-03-30T15:12:12.063100-03:00] name.INFO: Requisição processada com sucesso {"endpoint":"/api/user/info"} []
[2021-03-30T15:12:57.635250-03:00] name.INFO: Requisição processada com sucesso {"endpoint":"/api/account/updateaddress"} []
[2021-03-30T15:13:00.962270-03:00] name.INFO: Requisição processada com sucesso {"endpoint":"/api/account/accountinfo"} []
[2021-03-30T15:13:00.980676-03:00] name.INFO: Requisição processada com sucesso {"endpoint":"/api/transaction/transactionlist"} []
[2021-03-30T15:13:02.680821-03:00] name.INFO: Requisição processada com sucesso {"endpoint":"/api/user/info"} []
[2021-03-30T15:13:09.040111-03:00] name.INFO: Requisição processada com sucesso {"endpoint":"/api/transaction/transactionlist"} []
[2021-03-30T15:13:09.040501-03:00] name.INFO: Requisição processada com sucesso {"endpoint":"/api/account/accountinfo"} []
[2021-03-30T15:14:00.520574-03:00] name.INFO: Requisição processada com sucesso {"endpoint":"/api/transaction/Deposito"} []
[2021-03-30T15:14:18.860416-03:00] name.INFO: Requisição processada com sucesso {"endpoint":"/api/account/accountinfo"} []
[2021-03-30T15:14:18.870387-03:00] name.INFO: Requisição processada com sucesso {"endpoint":"/api/transaction/transactionlist"} []
[2021-03-30T15:14:24.988841-03:00] name.INFO: Requisição processada com sucesso {"endpoint":"/api/transaction/Deposito"} []
[2021-03-30T15:14:25.274027-03:00] name.INFO: Requisição processada com sucesso {"endpoint":"/api/account/accountinfo"} []
[2021-03-30T15:14:25.275840-03:00] name.INFO: Requisição processada com sucesso {"endpoint":"/api/transaction/transactionlist"} []
[2021-03-30T15:15:06.543243-03:00] name.INFO: Requisição processada com sucesso {"endpoint":"/api/transaction/Saque"} []
[2021-03-30T15:15:11.149460-03:00] name.INFO: Requisição processada com sucesso {"endpoint":"/api/transaction/transactionlist"} []
[2021-03-30T15:15:11.150901-03:00] name.INFO: Requisição processada com sucesso {"endpoint":"/api/account/accountinfo"} []
[2021-03-30T15:15:16.982127-03:00] name.INFO: Requisição processada com sucesso {"endpoint":"/api/transaction/Deposito"} []
[2021-03-30T15:15:17.266782-03:00] name.INFO: Requisição processada com sucesso {"endpoint":"/api/account/accountinfo"} []
[2021-03-30T15:15:17.269838-03:00] name.INFO: Requisição processada com sucesso {"endpoint":"/api/transaction/transactionlist"} []
[2021-03-30T15:15:37.741478-03:00] name.INFO: Requisição processada com sucesso {"endpoint":"/api/transaction/Saque"} []
[2021-03-30T15:15:38.154816-03:00] name.INFO: Requisição processada com sucesso {"endpoint":"/api/account/accountinfo"} []
[2021-03-30T15:15:38.169364-03:00] name.INFO: Requisição processada com sucesso {"endpoint":"/api/transaction/transactionlist"} []
[2021-03-30T15:16:26.722151-03:00] name.INFO: Requisição processada com sucesso {"endpoint":"/api/transaction/Transferencia"} []
[2021-03-30T15:16:29.792611-03:00] name.INFO: Requisição processada com sucesso {"endpoint":"/api/account/accountinfo"} []
[2021-03-30T15:16:29.804559-03:00] name.INFO: Requisição processada com sucesso {"endpoint":"/api/transaction/transactionlist"} []
[2021-03-30T15:16:48.036640-03:00] name.INFO: Requisição processada com sucesso {"endpoint":"/api/transaction/Transferencia"} []
[2021-03-30T15:16:52.618328-03:00] name.INFO: Requisição processada com sucesso {"endpoint":"/api/account/accountinfo"} []
[2021-03-30T15:16:52.650993-03:00] name.INFO: Requisição processada com sucesso {"endpoint":"/api/transaction/transactionlist"} []
[2021-03-30T15:17:05.925258-03:00] name.INFO: Requisição processada com sucesso {"endpoint":"/api/transaction/Transferencia"} []
[2021-03-30T15:17:06.276820-03:00] name.INFO: Requisição processada com sucesso {"endpoint":"/api/account/accountinfo"} []
[2021-03-30T15:17:06.285549-03:00] name.INFO: Requisição processada com sucesso {"endpoint":"/api/transaction/transactionlist"} []
[2021-04-05T08:45:45.523444-03:00] name.INFO: Requisição processada com sucesso {"endpoint":"/api/account/accountinfo"} []
[2021-04-05T08:45:45.527546-03:00] name.INFO: Requisição processada com sucesso {"endpoint":"/api/transaction/transactionlist"} []
